#
# There is insufficient memory for the Java Runtime Environment to continue.
# Native memory allocation (mmap) failed to map 132120576 bytes for G1 virtual space
# Possible reasons:
#   The system is out of physical RAM or swap space
#   The process is running with CompressedOops enabled, and the Java Heap may be blocking the growth of the native heap
# Possible solutions:
#   Reduce memory load on the system
#   Increase physical memory or swap space
#   Check if swap backing store is full
#   Decrease Java heap size (-Xmx/-Xms)
#   Decrease number of Java threads
#   Decrease Java thread stack sizes (-Xss)
#   Set larger code cache with -XX:ReservedCodeCacheSize=
#   JVM is running with Unscaled Compressed Oops mode in which the Java heap is
#     placed in the first 4GB address space. The Java Heap base address is the
#     maximum limit for the native heap growth. Please use -XX:HeapBaseMinAddress
#     to set the Java Heap base and to place the Java Heap above 4GB virtual address.
# This output file may be truncated or incomplete.
#
#  Out of Memory Error (os_windows.cpp:3532), pid=17620, tid=29268
#
# JRE version:  (17.0.2+8) (build )
# Java VM: OpenJDK 64-Bit Server VM (17.0.2+8, mixed mode, sharing, tiered, compressed oops, compressed class ptrs, g1 gc, windows-amd64)
# No core dump will be written. Minidumps are not enabled by default on client versions of Windows
#

---------------  S U M M A R Y ------------

Command Line: -Djava.library.path=C:\Users\hadi\eclipse-workspace\tagroba\lib -Dfile.encoding=Cp1252 --module-path=C:\Users\hadi\eclipse-workspace\tagroba\lib\mssql-jdbc-10.2.0.jre17.jar -XX:+ShowCodeDetailsInExceptionMessages tagroba.tailhead

Host: Intel(R) Core(TM) i5-10210U CPU @ 1.60GHz, 8 cores, 7G,  Windows 10 , 64 bit Build 19041 (10.0.19041.928)
Time: Thu Mar 24 22:28:07 2022 Middle East Standard Time elapsed time: 0.011569 seconds (0d 0h 0m 0s)

---------------  T H R E A D  ---------------

Current thread (0x00000238572ce4c0):  JavaThread "Unknown thread" [_thread_in_vm, id=29268, stack(0x0000007401200000,0x0000007401300000)]

Stack: [0x0000007401200000,0x0000007401300000]
Native frames: (J=compiled Java code, j=interpreted, Vv=VM code, C=native code)
V  [jvm.dll+0x67564a]
V  [jvm.dll+0x82fc04]
V  [jvm.dll+0x8313ae]
V  [jvm.dll+0x831a13]
V  [jvm.dll+0x245235]
V  [jvm.dll+0x672539]
V  [jvm.dll+0x666e82]
V  [jvm.dll+0x30401b]
V  [jvm.dll+0x30b566]
V  [jvm.dll+0x35b1fe]
V  [jvm.dll+0x35b42f]
V  [jvm.dll+0x2daf58]
V  [jvm.dll+0x2dbec4]
V  [jvm.dll+0x801881]
V  [jvm.dll+0x368f81]
V  [jvm.dll+0x7e0cdc]
V  [jvm.dll+0x3eb8bf]
V  [jvm.dll+0x3ed441]
C  [jli.dll+0x5277]
C  [ucrtbase.dll+0x21bb2]
C  [KERNEL32.DLL+0x17034]
C  [ntdll.dll+0x52651]


---------------  P R O C E S S  ---------------

Threads class SMR info:
_java_thread_list=0x00007fffa7185e98, length=0, elements={
}

Java Threads: ( => current thread )

Other Threads:
  0x000002385730bf90 GCTaskThread "GC Thread#0" [stack: 0x0000007401300000,0x0000007401400000] [id=31020]
  0x000002385731e580 ConcurrentGCThread "G1 Main Marker" [stack: 0x0000007401400000,0x0000007401500000] [id=32180]
  0x000002385731ef90 ConcurrentGCThread "G1 Conc#0" [stack: 0x0000007401500000,0x0000007401600000] [id=27200]

[error occurred during error reporting (printing all threads), id 0xc0000005, EXCEPTION_ACCESS_VIOLATION (0xc0000005) at pc=0x00007fffa695b9d7]

VM state: not at safepoint (not fully initialized)

VM Mutex/Monitor currently owned by a thread:  ([mutex/lock_event])
[0x00000238572c72d0] Heap_lock - owner thread: 0x00000238572ce4c0

Heap address: 0x0000000082800000, size: 2008 MB, Compressed Oops mode: 32-bit

CDS archive(s) mapped at: [0x0000000000000000-0x0000000000000000-0x0000000000000000), size 0, SharedBaseAddress: 0x0000000800000000, ArchiveRelocationMode: 0.
Narrow klass base: 0x0000000000000000, Narrow klass shift: 0, Narrow klass range: 0x0

GC Precious Log:
<Empty>

Heap:
 garbage-first heap   total 0K, used 0K [0x0000000082800000, 0x0000000100000000)
  region size 1024K, 0 young (0K), 0 survivors (0K)

[error occurred during error reporting (printing heap information), id 0xc0000005, EXCEPTION_ACCESS_VIOLATION (0xc0000005) at pc=0x00007fffa6d3e899]

GC Heap History (0 events):
No events

Deoptimization events (0 events):
No events

Classes unloaded (0 events):
No events

Classes redefined (0 events):
No events

Internal exceptions (0 events):
No events

VM Operations (0 events):
No events

Events (1 events):
Event: 0.007 Loaded shared library C:\Users\hadi\.p2\pool\plugins\org.eclipse.justj.openjdk.hotspot.jre.full.win32.x86_64_17.0.2.v20220201-1208\jre\bin\java.dll


Dynamic libraries:
0x00007ff78da50000 - 0x00007ff78da5e000 	C:\Users\hadi\.p2\pool\plugins\org.eclipse.justj.openjdk.hotspot.jre.full.win32.x86_64_17.0.2.v20220201-1208\jre\bin\javaw.exe
0x00007ff819810000 - 0x00007ff819a05000 	C:\Windows\SYSTEM32\ntdll.dll
0x00007ff818b00000 - 0x00007ff818bbd000 	C:\Windows\System32\KERNEL32.DLL
0x00007ff816f50000 - 0x00007ff817218000 	C:\Windows\System32\KERNELBASE.dll
0x00007ff817770000 - 0x00007ff817870000 	C:\Windows\System32\ucrtbase.dll
0x00007ff802dd0000 - 0x00007ff802de9000 	C:\Users\hadi\.p2\pool\plugins\org.eclipse.justj.openjdk.hotspot.jre.full.win32.x86_64_17.0.2.v20220201-1208\jre\bin\VCRUNTIME140.dll
0x00007ff812120000 - 0x00007ff812138000 	C:\Users\hadi\.p2\pool\plugins\org.eclipse.justj.openjdk.hotspot.jre.full.win32.x86_64_17.0.2.v20220201-1208\jre\bin\jli.dll
0x00007ff819630000 - 0x00007ff8197d0000 	C:\Windows\System32\USER32.dll
0x00007ff817430000 - 0x00007ff817452000 	C:\Windows\System32\win32u.dll
0x00007ff8008b0000 - 0x00007ff800b4a000 	C:\Windows\WinSxS\amd64_microsoft.windows.common-controls_6595b64144ccf1df_6.0.19041.844_none_ca00b6081b84eb1d\COMCTL32.dll
0x00007ff819290000 - 0x00007ff8192ba000 	C:\Windows\System32\GDI32.dll
0x00007ff8192c0000 - 0x00007ff81935e000 	C:\Windows\System32\msvcrt.dll
0x00007ff8175b0000 - 0x00007ff8176bb000 	C:\Windows\System32\gdi32full.dll
0x00007ff817510000 - 0x00007ff8175ad000 	C:\Windows\System32\msvcp_win.dll
0x00007ff8191b0000 - 0x00007ff8191e0000 	C:\Windows\System32\IMM32.DLL
0x00007ff812900000 - 0x00007ff81290c000 	C:\Users\hadi\.p2\pool\plugins\org.eclipse.justj.openjdk.hotspot.jre.full.win32.x86_64_17.0.2.v20220201-1208\jre\bin\vcruntime140_1.dll
0x00007ffffa940000 - 0x00007ffffa9d1000 	C:\Users\hadi\.p2\pool\plugins\org.eclipse.justj.openjdk.hotspot.jre.full.win32.x86_64_17.0.2.v20220201-1208\jre\bin\msvcp140.dll
0x00007fffa6670000 - 0x00007fffa72b7000 	C:\Users\hadi\.p2\pool\plugins\org.eclipse.justj.openjdk.hotspot.jre.full.win32.x86_64_17.0.2.v20220201-1208\jre\bin\server\jvm.dll
0x00007ff817cf0000 - 0x00007ff817d9c000 	C:\Windows\System32\ADVAPI32.dll
0x00007ff8178f0000 - 0x00007ff81798b000 	C:\Windows\System32\sechost.dll
0x00007ff819470000 - 0x00007ff81959b000 	C:\Windows\System32\RPCRT4.dll
0x00007ff819020000 - 0x00007ff819028000 	C:\Windows\System32\PSAPI.DLL
0x00007ff806dd0000 - 0x00007ff806dd9000 	C:\Windows\SYSTEM32\WSOCK32.dll
0x00007ff8127d0000 - 0x00007ff8127da000 	C:\Windows\SYSTEM32\VERSION.dll
0x00007ff818960000 - 0x00007ff8189cb000 	C:\Windows\System32\WS2_32.dll
0x00007ff802740000 - 0x00007ff802767000 	C:\Windows\SYSTEM32\WINMM.dll
0x00007ff815820000 - 0x00007ff815832000 	C:\Windows\SYSTEM32\kernel.appcore.dll
0x00007ff802e50000 - 0x00007ff802e5a000 	C:\Users\hadi\.p2\pool\plugins\org.eclipse.justj.openjdk.hotspot.jre.full.win32.x86_64_17.0.2.v20220201-1208\jre\bin\jimage.dll
0x00007ff814c50000 - 0x00007ff814e34000 	C:\Windows\SYSTEM32\DBGHELP.DLL
0x00007fffdec20000 - 0x00007fffdec4c000 	C:\Windows\SYSTEM32\dbgcore.DLL
0x00007ff817490000 - 0x00007ff817510000 	C:\Windows\System32\bcryptPrimitives.dll
0x00007ffffd050000 - 0x00007ffffd075000 	C:\Users\hadi\.p2\pool\plugins\org.eclipse.justj.openjdk.hotspot.jre.full.win32.x86_64_17.0.2.v20220201-1208\jre\bin\java.dll

dbghelp: loaded successfully - version: 4.0.5 - missing functions: none
symbol engine: initialized successfully - sym options: 0x614 - pdb path: .;C:\Users\hadi\.p2\pool\plugins\org.eclipse.justj.openjdk.hotspot.jre.full.win32.x86_64_17.0.2.v20220201-1208\jre\bin;C:\Windows\SYSTEM32;C:\Windows\WinSxS\amd64_microsoft.windows.common-controls_6595b64144ccf1df_6.0.19041.844_none_ca00b6081b84eb1d;C:\Users\hadi\.p2\pool\plugins\org.eclipse.justj.openjdk.hotspot.jre.full.win32.x86_64_17.0.2.v20220201-1208\jre\bin\server

VM Arguments:
jvm_args: -Djava.library.path=C:\Users\hadi\eclipse-workspace\tagroba\lib -Dfile.encoding=Cp1252 --module-path=C:\Users\hadi\eclipse-workspace\tagroba\lib\mssql-jdbc-10.2.0.jre17.jar -XX:+ShowCodeDetailsInExceptionMessages 
java_command: tagroba.tailhead
java_class_path (initial): C:\Users\hadi\eclipse-workspace\tagroba\bin
Launcher Type: SUN_STANDARD

[Global flags]
     intx CICompilerCount                          = 4                                         {product} {ergonomic}
     uint ConcGCThreads                            = 2                                         {product} {ergonomic}
     uint G1ConcRefinementThreads                  = 8                                         {product} {ergonomic}
   size_t G1HeapRegionSize                         = 1048576                                   {product} {ergonomic}
    uintx GCDrainStackTargetSize                   = 64                                        {product} {ergonomic}
   size_t InitialHeapSize                          = 132120576                                 {product} {ergonomic}
   size_t MarkStackSize                            = 4194304                                   {product} {ergonomic}
   size_t MaxHeapSize                              = 2105540608                                {product} {ergonomic}
   size_t MinHeapDeltaBytes                        = 1048576                                   {product} {ergonomic}
   size_t MinHeapSize                              = 8388608                                   {product} {ergonomic}
    uintx NonNMethodCodeHeapSize                   = 5839372                                {pd product} {ergonomic}
    uintx NonProfiledCodeHeapSize                  = 122909434                              {pd product} {ergonomic}
    uintx ProfiledCodeHeapSize                     = 122909434                              {pd product} {ergonomic}
    uintx ReservedCodeCacheSize                    = 251658240                              {pd product} {ergonomic}
     bool SegmentedCodeCache                       = true                                      {product} {ergonomic}
     bool ShowCodeDetailsInExceptionMessages       = true                                   {manageable} {command line}
   size_t SoftMaxHeapSize                          = 2105540608                             {manageable} {ergonomic}
     bool UseCompressedClassPointers               = true                           {product lp64_product} {ergonomic}
     bool UseCompressedOops                        = true                           {product lp64_product} {ergonomic}
     bool UseG1GC                                  = true                                      {product} {ergonomic}
     bool UseLargePagesIndividualAllocation        = false                                  {pd product} {ergonomic}

Logging:
Log output configuration:
 #0: stdout all=warning uptime,level,tags
 #1: stderr all=off uptime,level,tags

Environment Variables:
JAVA_HOME=C:\Program Files\Java\jdk-17.0.2\
PATH=C:/Users/hadi/.p2/pool/plugins/org.eclipse.justj.openjdk.hotspot.jre.full.win32.x86_64_17.0.2.v20220201-1208/jre/bin/server;C:/Users/hadi/.p2/pool/plugins/org.eclipse.justj.openjdk.hotspot.jre.full.win32.x86_64_17.0.2.v20220201-1208/jre/bin;C:/Users/hadi/AppData/Local/Temp/eoi91D3.tmp//plugins/org.eclipse.justj.openjdk.hotspot.jre.minimal.stripped.win32.x86_64_15.0.2.v20210201-0955/jre/bin/server;C:/Users/hadi/AppData/Local/Temp/eoi91D3.tmp//plugins/org.eclipse.justj.openjdk.hotspot.jre.minimal.stripped.win32.x86_64_15.0.2.v20210201-0955/jre/bin;C:\Windows\system32;C:\Windows;C:\Windows\System32\Wbem;C:\Windows\System32\WindowsPowerShell\v1.0\;C:\Windows\System32\OpenSSH\;C:\Program Files (x86)\NVIDIA Corporation\PhysX\Common;C:\Program Files\NVIDIA Corporation\NVIDIA NvDLISR;C:\Program Files (x86)\Microsoft SQL Server\150\DTS\Binn\;C:\Program Files\Azure Data Studio\bin;C:\Program Files\Microsoft SQL Server\Client SDK\ODBC\170\Tools\Binn\;C:\Program Files (x86)\Microsoft SQL Server\150\Tools\Binn\;C:\Program Files\Microsoft SQL Server\150\Tools\Binn\;C:\Program Files\Microsoft SQL Server\150\DTS\Binn\;C:\Program Files\swipl\bin;D:\mat\runtime\win64;D:\mat\bin;C:\MinGW\bin;C:\Users\hadi\AppData\Local\Android\Sdk\platform-tools;C:\Program Files\Java\jdk-17.0.2\bin;C:\Program Files\Java\jdk-17.0.2\bin;C:\Users\hadi\AppData\Local\Microsoft\WindowsApps;;C:\Program Files\Azure Data Studio\bin;C:\Users\hadi\AppData\Roaming\IDM;;C:\Users\hadi\AppData\Roaming\IDM;
USERNAME=hadi
OS=Windows_NT
PROCESSOR_IDENTIFIER=Intel64 Family 6 Model 142 Stepping 12, GenuineIntel



---------------  S Y S T E M  ---------------

OS:
 Windows 10 , 64 bit Build 19041 (10.0.19041.928)
OS uptime: 1 days 8:22 hours

CPU: total 8 (initial active 8) (4 cores per cpu, 2 threads per core) family 6 model 142 stepping 12 microcode 0xde, cx8, cmov, fxsr, ht, mmx, 3dnowpref, sse, sse2, sse3, ssse3, sse4.1, sse4.2, popcnt, lzcnt, tsc, tscinvbit, avx, avx2, aes, erms, clmul, bmi1, bmi2, adx, fma, vzeroupper, clflush, clflushopt

Memory: 4k page, system-wide physical 8025M (811M free)
TotalPageFile size 32601M (AvailPageFile size 112M)
current process WorkingSet (physical memory assigned to process): 10M, peak: 10M
current process commit charge ("private bytes"): 60M, peak: 185M

vm_info: OpenJDK 64-Bit Server VM (17.0.2+8) for windows-amd64 JRE (17.0.2+8), built on Jan 20 2022 04:52:34 by "" with MS VC++ 16.7 (VS2019)

END.
